387638211
387638211
260294821
1216160988
136167919
961931318
159733526
159733526
159733526
47584334
84863232
47584334
84863232
159733526
857339058
590274127
925222662
@k5342 111241653 2013-03-28 17:20:48 +0900
@k5342 111241653 2013-03-28 17:22:10 +0900
@enkunkun 159733526 2013-03-28 17:22:22 +0900
@k5342 111241653 2013-03-28 17:30:07 +0900
@ikr7 482739408 2013-03-28 17:30:43 +0900
@Oozora_1 198689970 2013-03-28 17:30:46 +0900
@qc2 632872635 2013-03-28 17:30:47 +0900
@k5343 387638211 2013-03-28 17:34:47 +0900
@maid_may 117364270 2013-03-28 17:35:23 +0900
@8exp 136167919 2013-03-28 17:35:45 +0900
@a9 260294821 2013-03-28 17:36:03 +0900
@AliceUuo 600245583 2013-03-28 17:36:17 +0900
@k5343 387638211 2013-03-28 17:48:36 +0900
@k5343 387638211 2013-03-28 17:52:04 +0900
@ikr7 482739408 2013-03-28 17:52:12 +0900
@ginkoc 330358950 2013-03-28 17:52:20 +0900
@dream_exp 231992693 2013-03-28 17:52:36 +0900
@3nyr 261223676 2013-03-28 17:52:47 +0900
@8exp 136167919 2013-03-28 17:53:04 +0900
@yp1s 538308036 2013-03-28 17:53:27 +0900
@6mX 578687431 2013-03-28 17:53:33 +0900
@B00 921170389 2013-03-28 17:53:37 +0900
@cookies146 333895664 2013-03-28 17:53:56 +0900
@kI0w 274977161 2013-03-28 17:54:30 +0900
@sg4k 280414022 2013-03-28 18:00:29 +0900
@dream_exp 231992693 2013-03-28 18:15:06 +0900
@6mX 578687431 2013-03-28 18:20:46 +0900